[01:18:23] [main/INFO]: Logging in with username & password
[01:18:30] [Client thread/INFO]: Setting user: doopaderp
[01:18:34] [Client thread/INFO]: LWJGL Version: 2.9.1
[01:18:38] [Client thread/INFO]: Reloading ResourceManager: Default, FMLFileResourcePack:Forge Mod Loader, FMLFileResourcePack:Minecraft Forge, FMLFileResourcePack:Spectrum Blue
[01:18:39] [Sound Library Loader/INFO]: Starting up SoundSystem...
[01:18:39] [Thread-7/INFO]: Initializing LWJGL OpenAL
[01:18:39] [Thread-7/INFO]: (The LWJGL binding of OpenAL.  For more information, see http://www.lwjgl.org)
[01:18:39] [Thread-7/INFO]: OpenAL initialized.
[01:18:40] [Sound Library Loader/INFO]: Sound engine started
[01:18:44] [Client thread/INFO]: Created: 512x512 textures-atlas
[01:18:46] [Client thread/INFO]: Reloading ResourceManager: Default, FMLFileResourcePack:Forge Mod Loader, FMLFileResourcePack:Minecraft Forge, FMLFileResourcePack:Spectrum Blue
[01:18:46] [Client thread/INFO]: SoundSystem shutting down...
[01:18:46] [Client thread/WARN]: Author: Paul Lamb, www.paulscode.com
[01:18:46] [Sound Library Loader/INFO]: Starting up SoundSystem...
[01:18:46] [Thread-9/INFO]: Initializing LWJGL OpenAL
[01:18:46] [Thread-9/INFO]: (The LWJGL binding of OpenAL.  For more information, see http://www.lwjgl.org)
[01:18:46] [Thread-9/INFO]: OpenAL initialized.
[01:18:47] [Sound Library Loader/INFO]: Sound engine started
[01:18:50] [Client thread/INFO]: Created: 512x512 textures-atlas
[01:18:57] [Server thread/INFO]: Starting integrated minecraft server version 1.8
[01:18:57] [Server thread/INFO]: Generating keypair
[01:18:57] [Server thread/INFO]: Preparing start region for level 0
[01:18:58] [Server thread/INFO]: Preparing spawn area: 94%
[01:18:59] [Server thread/INFO]: Changing view distance to 12, from 10
[01:18:59] [Server thread/INFO]: doopaderp[local:E:b65d1843] logged in with entity id 296 at (-84.18932259053027, 69.0, 245.43414067515297)
[01:18:59] [Server thread/INFO]: doopaderp joined the game
[01:19:02] [Server thread/INFO]: doopaderp has just earned the achievement [Taking Inventory]
[01:19:02] [Client thread/INFO]: [CHAT] doopaderp has just earned the achievement [Taking Inventory]
